c:\users\user\desktop\portfolio\realtime3dtechniquesforgames\shadertutorial\shader 2013 dxmath\shader\debug\vc142.pdb
c:\users\user\desktop\portfolio\realtime3dtechniquesforgames\shadertutorial\shader 2013 dxmath\shader\debug\vc142.idb
c:\users\user\desktop\portfolio\realtime3dtechniquesforgames\shadertutorial\shader 2013 dxmath\shader\debug\heightmap.obj
c:\users\user\desktop\portfolio\realtime3dtechniquesforgames\shadertutorial\shader 2013 dxmath\shader\debug\application.obj
c:\users\user\desktop\portfolio\realtime3dtechniquesforgames\shadertutorial\shader 2013 dxmath\shader\debug\imgui_widgets.obj
c:\users\user\desktop\portfolio\realtime3dtechniquesforgames\shadertutorial\shader 2013 dxmath\shader\debug\imgui_impl_win32.obj
c:\users\user\desktop\portfolio\realtime3dtechniquesforgames\shadertutorial\shader 2013 dxmath\shader\debug\imgui_impl_dx11.obj
c:\users\user\desktop\portfolio\realtime3dtechniquesforgames\shadertutorial\shader 2013 dxmath\shader\debug\imgui_draw.obj
c:\users\user\desktop\portfolio\realtime3dtechniquesforgames\shadertutorial\shader 2013 dxmath\shader\debug\imgui.obj
c:\users\user\desktop\portfolio\realtime3dtechniquesforgames\shadertutorial\shader 2013 dxmath\shader\.o
c:\users\user\desktop\portfolio\realtime3dtechniquesforgames\shadertutorial\shader 2013 dxmath\shader\debug\shader.exe
c:\users\user\desktop\portfolio\realtime3dtechniquesforgames\shadertutorial\shader 2013 dxmath\shader\debug\shader.ilk
c:\users\user\desktop\portfolio\realtime3dtechniquesforgames\shadertutorial\shader 2013 dxmath\shader\debug\shader.pdb
c:\users\user\desktop\portfolio\realtime3dtechniquesforgames\shadertutorial\shader 2013 dxmath\shader\debug\vc120.idb
c:\users\user\desktop\portfolio\realtime3dtechniquesforgames\shadertutorial\shader 2013 dxmath\shader\debug\shared.pdb
c:\users\user\desktop\portfolio\realtime3dtechniquesforgames\shadertutorial\shader 2013 dxmath\shader\debug\vc120.pdb
c:\users\user\desktop\portfolio\realtime3dtechniquesforgames\shadertutorial\shader 2013 dxmath\shader\debug\shader.tlog\cl.command.1.tlog
c:\users\user\desktop\portfolio\realtime3dtechniquesforgames\shadertutorial\shader 2013 dxmath\shader\debug\shader.tlog\cl.read.1.tlog
c:\users\user\desktop\portfolio\realtime3dtechniquesforgames\shadertutorial\shader 2013 dxmath\shader\debug\shader.tlog\cl.write.1.tlog
c:\users\user\desktop\portfolio\realtime3dtechniquesforgames\shadertutorial\shader 2013 dxmath\shader\debug\shader.tlog\custombuild.command.1.tlog
c:\users\user\desktop\portfolio\realtime3dtechniquesforgames\shadertutorial\shader 2013 dxmath\shader\debug\shader.tlog\custombuild.read.1.tlog
c:\users\user\desktop\portfolio\realtime3dtechniquesforgames\shadertutorial\shader 2013 dxmath\shader\debug\shader.tlog\custombuild.write.1.tlog
c:\users\user\desktop\portfolio\realtime3dtechniquesforgames\shadertutorial\shader 2013 dxmath\shader\debug\shader.tlog\link.command.1.tlog
c:\users\user\desktop\portfolio\realtime3dtechniquesforgames\shadertutorial\shader 2013 dxmath\shader\debug\shader.tlog\link.delete.1.tlog
c:\users\user\desktop\portfolio\realtime3dtechniquesforgames\shadertutorial\shader 2013 dxmath\shader\debug\shader.tlog\link.read.1.tlog
c:\users\user\desktop\portfolio\realtime3dtechniquesforgames\shadertutorial\shader 2013 dxmath\shader\debug\shader.tlog\link.write.1.tlog
